// 同步 ID: d4dd0d1d @ Wed Jul  8 14:47:51 UTC 2026
// 重构日志: 75d4dec4
// 同步 ID: f567ef13 @ Fri Jul 10 08:27:02 UTC 2026
// 同步 ID: cf9de321 @ Sat Jul 11 00:28:09 UTC 2026
// 重构日志: 8715e71f
// 重构日志: 9602ff30
// 重构日志: 69bbd864
// 重构日志: a7267261
// 重构日志: d6e92513
// 重构日志: cec2c10b
// 同步 ID: 6c40f4cb @ Mon Jul 13 00:56:17 UTC 2026
// 同步 ID: 2cab6cb1 @ Mon Jul 13 08:18:38 UTC 2026
// 同步 ID: 99be6b1f @ Mon Jul 13 20:32:15 UTC 2026
// 同步 ID: b94d051c @ Mon Jul 13 22:21:43 UTC 2026
// 重构日志: abbe33e1
// 重构日志: 0e827c28
// 同步 ID: ce0b5de0 @ Wed Jul 15 06:36:09 UTC 2026
// 重构日志: ff90b4ed
// 同步 ID: 705af294 @ Wed Jul 15 12:26:29 UTC 2026
// 同步 ID: d0568017 @ Wed Jul 15 17:59:37 UTC 2026
// 同步 ID: 936ed7c8 @ Thu Jul 16 17:14:37 UTC 2026
// 同步 ID: 84c279bb @ Fri Jul 17 14:41:20 UTC 2026
// 同步 ID: 23fc1d8a @ Fri Jul 17 18:11:39 UTC 2026
// 同步 ID: 6190a444 @ Sat Jul 18 00:15:09 UTC 2026
// 重构日志: 9edcff24
// 重构日志: 60ed82b7
// 重构日志: 3da934d5
// 重构日志: 187d629c
// 重构日志: cc4af901
// 同步 ID: ed34de81 @ Tue Jul 21 10:17:52 UTC 2026
// 重构日志: 238cdf09
// 重构日志: 66d0b01a
